H:\solutions\node\scanner-to-backup\promsklad.js:3
  from: path.normalize("h:/solutions/node/scanner-to-backup/testfolder"),
        ^

ReferenceError: path is not defined
    at Object.<anonymous> (H:\solutions\node\scanner-to-backup\promsklad.js:3:9)
    at Module._compile (internal/modules/cjs/loader.js:1151:30)
    at Object.Module._extensions..js (internal/modules/cjs/loader.js:1171:10)
    at Module.load (internal/modules/cjs/loader.js:1000:32)
    at Function.Module._load (internal/modules/cjs/loader.js:899:14)
    at Function.executeUserEntryPoint [as runMain] (internal/modules/run_main.js:71:12)
    at internal/main/run_main_module.js:17:47
H:\solutions\node\scanner-to-backup\promsklad.js:3
  from: path.normalize("h:/solutions/node/scanner-to-backup/testfolder"),
        ^

ReferenceError: path is not defined
    at Object.<anonymous> (H:\solutions\node\scanner-to-backup\promsklad.js:3:9)
    at Module._compile (internal/modules/cjs/loader.js:1151:30)
    at Object.Module._extensions..js (internal/modules/cjs/loader.js:1171:10)
    at Module.load (internal/modules/cjs/loader.js:1000:32)
    at Function.Module._load (internal/modules/cjs/loader.js:899:14)
    at Function.executeUserEntryPoint [as runMain] (internal/modules/run_main.js:71:12)
    at internal/main/run_main_module.js:17:47
H:\solutions\node\scanner-to-backup\promsklad.js:3
  from: path.normalize("h:/solutions/node/scanner-to-backup/testfolder"),
        ^

ReferenceError: path is not defined
    at Object.<anonymous> (H:\solutions\node\scanner-to-backup\promsklad.js:3:9)
    at Module._compile (internal/modules/cjs/loader.js:1151:30)
    at Object.Module._extensions..js (internal/modules/cjs/loader.js:1171:10)
    at Module.load (internal/modules/cjs/loader.js:1000:32)
    at Function.Module._load (internal/modules/cjs/loader.js:899:14)
    at Function.executeUserEntryPoint [as runMain] (internal/modules/run_main.js:71:12)
    at internal/main/run_main_module.js:17:47
H:\solutions\node\scanner-to-backup\promsklad.js:3
  from: path.normalize("h:/solutions/node/scanner-to-backup/testfolder"),
        ^

ReferenceError: path is not defined
    at Object.<anonymous> (H:\solutions\node\scanner-to-backup\promsklad.js:3:9)
    at Module._compile (internal/modules/cjs/loader.js:1151:30)
    at Object.Module._extensions..js (internal/modules/cjs/loader.js:1171:10)
    at Module.load (internal/modules/cjs/loader.js:1000:32)
    at Function.Module._load (internal/modules/cjs/loader.js:899:14)
    at Function.executeUserEntryPoint [as runMain] (internal/modules/run_main.js:71:12)
    at internal/main/run_main_module.js:17:47
H:\solutions\node\scanner-to-backup\promsklad.js:3
  from: path.normalize("h:/solutions/node/scanner-to-backup/testfolder"),
        ^

ReferenceError: path is not defined
    at Object.<anonymous> (H:\solutions\node\scanner-to-backup\promsklad.js:3:9)
    at Module._compile (internal/modules/cjs/loader.js:1151:30)
    at Object.Module._extensions..js (internal/modules/cjs/loader.js:1171:10)
    at Module.load (internal/modules/cjs/loader.js:1000:32)
    at Function.Module._load (internal/modules/cjs/loader.js:899:14)
    at Function.executeUserEntryPoint [as runMain] (internal/modules/run_main.js:71:12)
    at internal/main/run_main_module.js:17:47
H:\solutions\node\scanner-to-backup\promsklad.js:3
  from: path.normalize("h:/solutions/node/scanner-to-backup/testfolder"),
        ^

ReferenceError: path is not defined
    at Object.<anonymous> (H:\solutions\node\scanner-to-backup\promsklad.js:3:9)
    at Module._compile (internal/modules/cjs/loader.js:1151:30)
    at Object.Module._extensions..js (internal/modules/cjs/loader.js:1171:10)
    at Module.load (internal/modules/cjs/loader.js:1000:32)
    at Function.Module._load (internal/modules/cjs/loader.js:899:14)
    at Function.executeUserEntryPoint [as runMain] (internal/modules/run_main.js:71:12)
    at internal/main/run_main_module.js:17:47
